[INFO ] 23-08-2023 15:12:46.855 [main] LogUtil - ******Token Generated Successfully******

[INFO ] 23-08-2023 15:12:55.144 [main] LogUtil - ******Get All booking id with details Created Successfully******

[INFO ] 23-08-2023 15:12:57.224 [main] LogUtil - ******Create the Booking successfully******

[INFO ] 23-08-2023 15:12:59.270 [main] LogUtil - ******Get the current booking details successfully******

[INFO ] 23-08-2023 15:13:01.331 [main] LogUtil - ******Update the current booking successfully******

[INFO ] 23-08-2023 15:13:03.368 [main] LogUtil - ******Partial update like first name and last name update successfully******

[INFO ] 23-08-2023 15:13:05.408 [main] LogUtil - ******Delete the current booking Successfully******


[INFO ] 30-08-2023 11:47:37.545 [main] LogUtil - ******Token Generated Successfully******

[INFO ] 30-08-2023 11:47:37.557 [main] LogUtil - ******Token Generated Successfully******

[INFO ] 30-08-2023 11:47:38.229 [main] LogUtil - ******Token Generated Successfully******

[INFO ] 30-08-2023 11:47:45.513 [main] LogUtil - ******Get All booking id with details Created Successfully******

[INFO ] 30-08-2023 11:47:45.593 [main] LogUtil - ******Get All booking id with details Created Successfully******

[INFO ] 30-08-2023 11:47:45.856 [main] LogUtil - ******Get All booking id with details Created Successfully******

[INFO ] 30-08-2023 11:47:47.420 [main] LogUtil - ******Create the Booking successfully******

[INFO ] 30-08-2023 11:47:47.439 [main] LogUtil - ******Create the Booking successfully******

[INFO ] 30-08-2023 11:47:47.771 [main] LogUtil - ******Create the Booking successfully******

[INFO ] 30-08-2023 11:47:49.246 [main] LogUtil - ******Get the current booking details successfully******

[INFO ] 30-08-2023 11:47:49.253 [main] LogUtil - ******Get the current booking details successfully******

[INFO ] 30-08-2023 11:47:49.616 [main] LogUtil - ******Get the current booking details successfully******

[INFO ] 30-08-2023 11:47:51.044 [main] LogUtil - ******Update the current booking successfully******

[INFO ] 30-08-2023 11:47:51.074 [main] LogUtil - ******Update the current booking successfully******

[INFO ] 30-08-2023 11:47:51.438 [main] LogUtil - ******Update the current booking successfully******

[INFO ] 30-08-2023 11:47:52.924 [main] LogUtil - ******Partial update like first name and last name update successfully******

[INFO ] 30-08-2023 11:47:52.952 [main] LogUtil - ******Partial update like first name and last name update successfully******

[INFO ] 30-08-2023 11:47:53.220 [main] LogUtil - ******Partial update like first name and last name update successfully******

[INFO ] 30-08-2023 11:47:54.711 [main] LogUtil - ******Delete the current booking Successfully******


[INFO ] 30-08-2023 11:47:54.711 [main] LogUtil - ******Delete the current booking Successfully******


[INFO ] 30-08-2023 11:47:54.994 [main] LogUtil - ******Delete the current booking Successfully******


[INFO ] 12-09-2023 20:36:56.729 [main] LogUtil - ******Token Generated Successfully******

[INFO ] 12-09-2023 20:37:05.010 [main] LogUtil - ******Get All booking id with details Created Successfully******

[INFO ] 12-09-2023 20:37:06.792 [main] LogUtil - ******Create the Booking successfully******

[INFO ] 12-09-2023 20:37:08.556 [main] LogUtil - ******Get the current booking details successfully******

[INFO ] 12-09-2023 20:37:10.394 [main] LogUtil - ******Update the current booking successfully******

[INFO ] 12-09-2023 20:37:12.182 [main] LogUtil - ******Partial update like first name and last name update successfully******

[INFO ] 12-09-2023 20:37:13.977 [main] LogUtil - ******Delete the current booking Successfully******


